<?xml version="1.0" encoding="UTF-8"?>
<!-- Generated by org.testng.reporters.JUnitXMLReporter -->
<testsuite ignored="0" hostname="QT-INBG-LT1907" failures="0" tests="3" name="Default test" time="66.071" errors="0" timestamp="2023-09-02T22:48:56 SGT">
  <testcase classname="TestNg.DataProvider_Explanation" name="demo" time="31.291"/>
  <testcase classname="TestNg.DataProvider_Explanation" name="demo" time="18.172"/>
  <testcase classname="TestNg.DataProvider_Explanation" name="demo" time="16.439"/>
</testsuite> <!-- Default test -->
