<?xml version="1.0" encoding="UTF-8"?>
<!-- Generated by org.testng.reporters.JUnitXMLReporter -->
<testsuite ignored="2" hostname="QT-INBG-LT1907" failures="0" tests="2" name="Test" time="0.199" errors="0" timestamp="2023-09-09T19:27:38 SGT">
  <testcase classname="TestNg_Group.sample2" name="sample2_1" time="0.033"/>
  <testcase classname="TestNg_Group.sample1" name="sample1_2" time="0.004"/>
  <testcase classname="TestNg_Group.sample1" name="sample1_1" time="0.0">
    <ignored/>
  </testcase> <!-- sample1_1 -->
  <testcase classname="TestNg_Group.sample2" name="sample2_2" time="0.0">
    <ignored/>
  </testcase> <!-- sample2_2 -->
</testsuite> <!-- Test -->
