<?xml version="1.0" encoding="UTF-8"?>
<testng-results ignored="2" total="4" passed="2" failed="0" skipped="0">
  <reporter-output>
  </reporter-output>
  <suite started-at="2023-09-09T19:27:38 SGT" name="Suite" finished-at="2023-09-09T19:27:38 SGT" duration-ms="199">
    <groups>
      <group name="smoke">
        <method signature="sample1.sample1_2()[pri:0, instance:TestNg_Group.sample1@60bd273d]" name="sample1_2" class="TestNg_Group.sample1"/>
        <method signature="sample2.sample2_1()[pri:0, instance:TestNg_Group.sample2@d9345cd]" name="sample2_1" class="TestNg_Group.sample2"/>
      </group> <!-- smoke -->
    </groups>
    <test started-at="2023-09-09T19:27:38 SGT" name="Test" finished-at="2023-09-09T19:27:38 SGT" duration-ms="199">
      <class name="TestNg_Group.sample2">
        <test-method signature="sample2_1()[pri:0, instance:TestNg_Group.sample2@d9345cd]" started-at="2023-09-09T19:27:38 SGT" name="sample2_1" finished-at="2023-09-09T19:27:38 SGT" duration-ms="33" status="PASS">
          <reporter-output>
          </reporter-output>
        </test-method> <!-- sample2_1 -->
      </class> <!-- TestNg_Group.sample2 -->
      <class name="TestNg_Group.sample1">
        <test-method signature="sample1_2()[pri:0, instance:TestNg_Group.sample1@60bd273d]" started-at="2023-09-09T19:27:38 SGT" name="sample1_2" finished-at="2023-09-09T19:27:38 SGT" duration-ms="4" status="PASS">
          <reporter-output>
          </reporter-output>
        </test-method> <!-- sample1_2 -->
      </class> <!-- TestNg_Group.sample1 -->
    </test> <!-- Test -->
  </suite> <!-- Suite -->
</testng-results>
